<?xml version="1.0" encoding="UTF-8"?>
<!-- Generated by org.testng.reporters.JUnitXMLReporter -->
<testsuite hostname="EVT02098NB" ignored="0" name="Default test" tests="4" failures="0" timestamp="2021-11-04T23:44:24 TRT" time="18.612" errors="0">
  <testcase name="login" time="3.277" classname="test.Homework"/>
  <testcase name="testFindSearchBox" time="0.059" classname="test.Homework"/>
  <testcase name="testSendKeysToSearchBox" time="0.176" classname="test.Homework"/>
  <testcase name="testSubmitButton" time="3.528" classname="test.Homework"/>
</testsuite> <!-- Default test -->
