<?xml version="1.0" encoding="UTF-8"?>
<!-- Generated by org.testng.reporters.JUnitXMLReporter -->
<testsuite hostname="EVT02098NB" ignored="0" name="TestClass2" tests="3" failures="0" timestamp="2021-11-04T11:56:02 TRT" time="0.023" errors="0">
  <testcase name="APILoginCarLoad" time="0.003" classname="day1.module2"/>
  <testcase name="MobileLoginCarLoad" time="0.002" classname="day1.module2"/>
  <testcase name="WebLoginCarLoad" time="0.005" classname="day1.module2"/>
</testsuite> <!-- TestClass2 -->
