<?xml version="1.0" encoding="UTF-8"?>
<!-- Generated by org.testng.reporters.JUnitXMLReporter -->
<testsuite hostname="EVT02098NB" ignored="1" name="HelloTest" tests="3" failures="0" timestamp="2021-11-04T11:10:38 TRT" time="0.454" errors="0">
  <testcase name="test4" time="0.075" classname="Test2.NewTest2"/>
  <testcase name="test1" time="0.012" classname="Test.NewTest1"/>
  <testcase name="test3" time="0.009" classname="Test.NewTest1"/>
  <testcase name="test2" time="0.0" classname="Test.NewTest1">
    <ignored/>
  </testcase> <!-- test2 -->
</testsuite> <!-- HelloTest -->
