<?xml version="1.0" encoding="UTF-8"?>
<!-- Generated by org.testng.reporters.JUnitXMLReporter -->
<testsuite hostname="EVT02098NB" ignored="0" name="Default test" tests="4" failures="0" timestamp="2021-11-04T15:02:07 TRT" time="13.55" errors="0">
  <testcase name="testConnection" time="1.487" classname="Selenium.Tests"/>
  <testcase name="testFindSearchBox" time="0.023" classname="Selenium.Tests"/>
  <testcase name="testSendKeysToSearchBox" time="0.126" classname="Selenium.Tests"/>
  <testcase name="testSubmitButton" time="1.861" classname="Selenium.Tests"/>
</testsuite> <!-- Default test -->
