<?xml version="1.0" encoding="UTF-8"?>
<!-- Generated by org.testng.reporters.JUnitXMLReporter -->
<testsuite hostname="EVT02098NB" ignored="0" name="Test" tests="3" failures="1" timestamp="2021-11-04T10:52:35 TRT" time="0.209" errors="0">
  <testcase name="f" time="0.032" classname="Test.NewTest1"/>
  <testcase name="test2" time="0.008" classname="Test.NewTest1">
    <failure type="java.lang.AssertionError">
      <![CDATA[java.lang.AssertionError: 
at Test.NewTest1.test2(NewTest1.java:16)
at java.util.ArrayList.forEach(ArrayList.java:1259)
... Removed 30 stack frames]]>
    </failure>
  </testcase> <!-- test2 -->
  <testcase name="test3" time="0.011" classname="Test.NewTest1"/>
</testsuite> <!-- Test -->
