<?xml version="1.0" encoding="UTF-8"?>
<!-- Generated by org.testng.reporters.JUnitReportReporter -->
<testsuite skipped="0" hostname="EVT02098NB" name="kitapyurdu.TestRunner" tests="1" failures="0" timestamp="2021-11-06T19:12:43 TRT" time="12.892" errors="1">
  <testcase name="runScenario" time="12.892" classname="kitapyurdu.TestRunner">
    <error type="org.openqa.selenium.ElementClickInterceptedException" message="element click intercepted: Element &lt;div style=&quot;width: 100%; height: 100%; position: fixed; top: 0px; left: 0px; z-index: 2000000000; background-color: rgb(255, 255, 255); opacity: 0.5;&quot;&gt;&lt;/div&gt; is not clickable at point (759, 354). Other element would receive the click: &lt;iframe title=&quot;recaptcha testi&quot; src=&quot;https://www.google.com/recaptcha/api2/bframe?hl=tr&amp;amp;v=kcXVPRWG7fMILHmzon0--fD3&amp;amp;k=6LdoIqgaAAAAAO1ckq6Qa-2PVgN_YyXkVUb5CzBN&quot; name=&quot;c-n0qfa1o2ljoe&quot; frameborder=&quot;0&quot; scrolling=&quot;no&quot; sandbox=&quot;allow-forms allow-popups allow-same-origin allow-scripts allow-top-navigation allow-modals allow-popups-to-escape-sandbox&quot; style=&quot;width: 400px; height: 580px;&quot;&gt;&lt;/iframe&gt;
  (Session info: chrome=95.0.4638.69)
Build info: version: &#039;4.0.0&#039;, revision: &#039;3a21814679&#039;
System info: host: &#039;EVT02098NB&#039;, ip: &#039;192.168.56.1&#039;, os.name: &#039;Windows 10&#039;, os.arch: &#039;amd64&#039;, os.version: &#039;10.0&#039;, java.version: &#039;1.8.0_301&#039;
Driver info: org.openqa.selenium.chrome.ChromeDriver
Command: [f74742b937409f635e9a40ae4afdd7d3, clickElement {id=971a8e45-7c11-463d-91bc-b5ba347608e9}]
Capabilities {acceptInsecureCerts: false, browserName: chrome, browserVersion: 95.0.4638.69, chrome: {chromedriverVersion: 95.0.4638.54 (d31a821ec901f..., userDataDir: C:\Users\z004du6d\AppData\L...}, goog:chromeOptions: {debuggerAddress: localhost:49505}, javascriptEnabled: true, networkConnectionEnabled: false, pageLoadStrategy: normal, platform: WINDOWS, platformName: WINDOWS, proxy: Proxy(), se:cdp: ws://localhost:49505/devtoo..., se:cdpVersion: 95.0.4638.69, setWindowRect: true, strictFileInteractability: false, timeouts: {implicit: 0, pageLoad: 300000, script: 30000}, unhandledPromptBehavior: dismiss and notify, webauthn:extension:credBlob: true, webauthn:extension:largeBlob: true, webauthn:virtualAuthenticators: true}
Element: [[ChromeDriver: chrome on WINDOWS (f74742b937409f635e9a40ae4afdd7d3)] -&gt; xpath: /html/body/div[7]/div[1]]
Session ID: f74742b937409f635e9a40ae4afdd7d3">
      <![CDATA[org.openqa.selenium.ElementClickInterceptedException: element click intercepted: Element <div style="width: 100%; height: 100%; position: fixed; top: 0px; left: 0px; z-index: 2000000000; background-color: rgb(255, 255, 255); opacity: 0.5;"></div> is not clickable at point (759, 354). Other element would receive the click: <iframe title="recaptcha testi" src="https://www.google.com/recaptcha/api2/bframe?hl=tr&amp;v=kcXVPRWG7fMILHmzon0--fD3&amp;k=6LdoIqgaAAAAAO1ckq6Qa-2PVgN_YyXkVUb5CzBN" name="c-n0qfa1o2ljoe" frameborder="0" scrolling="no" sandbox="allow-forms allow-popups allow-same-origin allow-scripts allow-top-navigation allow-modals allow-popups-to-escape-sandbox" style="width: 400px; height: 580px;"></iframe>
  (Session info: chrome=95.0.4638.69)
Build info: version: '4.0.0', revision: '3a21814679'
System info: host: 'EVT02098NB', ip: '192.168.56.1', os.name: 'Windows 10', os.arch: 'amd64', os.version: '10.0', java.version: '1.8.0_301'
Driver info: org.openqa.selenium.chrome.ChromeDriver
Command: [f74742b937409f635e9a40ae4afdd7d3, clickElement {id=971a8e45-7c11-463d-91bc-b5ba347608e9}]
Capabilities {acceptInsecureCerts: false, browserName: chrome, browserVersion: 95.0.4638.69, chrome: {chromedriverVersion: 95.0.4638.54 (d31a821ec901f..., userDataDir: C:\Users\z004du6d\AppData\L...}, goog:chromeOptions: {debuggerAddress: localhost:49505}, javascriptEnabled: true, networkConnectionEnabled: false, pageLoadStrategy: normal, platform: WINDOWS, platformName: WINDOWS, proxy: Proxy(), se:cdp: ws://localhost:49505/devtoo..., se:cdpVersion: 95.0.4638.69, setWindowRect: true, strictFileInteractability: false, timeouts: {implicit: 0, pageLoad: 300000, script: 30000}, unhandledPromptBehavior: dismiss and notify, webauthn:extension:credBlob: true, webauthn:extension:largeBlob: true, webauthn:virtualAuthenticators: true}
Element: [[ChromeDriver: chrome on WINDOWS (f74742b937409f635e9a40ae4afdd7d3)] -> xpath: /html/body/div[7]/div[1]]
Session ID: f74742b937409f635e9a40ae4afdd7d3
at sun.reflect.NativeConstructorAccessorImpl.newInstance0(Native Method)
at sun.reflect.NativeConstructorAccessorImpl.newInstance(NativeConstructorAccessorImpl.java:62)
at sun.reflect.DelegatingConstructorAccessorImpl.newInstance(DelegatingConstructorAccessorImpl.java:45)
at java.lang.reflect.Constructor.newInstance(Constructor.java:423)
at org.openqa.selenium.remote.codec.w3c.W3CHttpResponseCodec.createException(W3CHttpResponseCodec.java:200)
at org.openqa.selenium.remote.codec.w3c.W3CHttpResponseCodec.decode(W3CHttpResponseCodec.java:133)
at org.openqa.selenium.remote.codec.w3c.W3CHttpResponseCodec.decode(W3CHttpResponseCodec.java:53)
at org.openqa.selenium.remote.HttpCommandExecutor.execute(HttpCommandExecutor.java:184)
at org.openqa.selenium.remote.service.DriverCommandExecutor.invokeExecute(DriverCommandExecutor.java:164)
at org.openqa.selenium.remote.service.DriverCommandExecutor.execute(DriverCommandExecutor.java:139)
at org.openqa.selenium.remote.RemoteWebDriver.execute(RemoteWebDriver.java:559)
at org.openqa.selenium.remote.RemoteWebElement.execute(RemoteWebElement.java:251)
at org.openqa.selenium.remote.RemoteWebElement.click(RemoteWebElement.java:77)
at kitapyurdu.Login.unsuccessful_login(Login.java:56)
at ✽.Unsuccessful Login(file:///C:/Users/z004du6d/eclipse-workspace/CucumberMine/src/test/resources/features/kitapyurdu/login.feature:12)
]]>
    </error>
  </testcase> <!-- runScenario -->
  <system-out/>
</testsuite> <!-- kitapyurdu.TestRunner -->
